app/build/outputs/logs/manifest-merger-debug-report.txt
-- Merging decision tree log ---
manifest
ADDED from src/main/AndroidManifest.xml:2:1-209:12
	package
		ADDED from src/main/AndroidManifest.xml:3:5-35
		INJECTED from src/main/AndroidManifest.xml
		INJECTED from src/main/AndroidManifest.xml
	android:versionName
		INJECTED from src/main/AndroidManifest.xml
		INJECTED from src/main/AndroidManifest.xml
	xmlns:android
		ADDED from src/main/AndroidManifest.xml:2:11-69
	android:versionCode
		INJECTED from src/main/AndroidManifest.xml
		INJECTED from src/main/AndroidManifest.xml
uses-permission#android.permission.INTERNET
ADDED from src/main/AndroidManifest.xml:4:5-66
MERGED from [com.google.android.gms:play-services-gcm:8.3.0] AndroidManifest.xml:22:5-67
MERGED from [com.google.android.gms:play-services-measurement:8.3.0] AndroidManifest.xml:21:5-67
	android:name
		ADDED from src/main/AndroidManifest.xml:4:22-64
uses-permission#android.permission.ACCESS_NETWORK_STATE
ADDED from src/main/AndroidManifest.xml:5:5-79
MERGED from [com.google.android.gms:play-services-measurement:8.3.0] AndroidManifest.xml:22:5-79
	android:name
		ADDED from src/main/AndroidManifest.xml:5:22-76
uses-permission#android.permission.WRITE_EXTERNAL_STORAGE
ADDED from src/main/AndroidManifest.xml:6:5-81
	android:name
		ADDED from src/main/AndroidManifest.xml:6:22-78
uses-permission#android.permission.GET_ACCOUNTS
ADDED from src/main/AndroidManifest.xml:7:5-71
	android:name
		ADDED from src/main/AndroidManifest.xml:7:22-68
uses-permission#android.permission.USE_CREDENTIALS
ADDED from src/main/AndroidManifest.xml:8:5-74
	android:name
		ADDED from src/main/AndroidManifest.xml:8:22-71
uses-permission#android.permission.GET_TASKS
ADDED from src/main/AndroidManifest.xml:9:5-68
	android:name
		ADDED from src/main/AndroidManifest.xml:9:22-65
uses-permission#android.permission.WAKE_LOCK
ADDED from src/main/AndroidManifest.xml:10:5-68
MERGED from [com.google.android.gms:play-services-measurement:8.3.0] AndroidManifest.xml:24:5-67
	android:name
		ADDED from src/main/AndroidManifest.xml:10:22-65
permission#app.adie.res.permission.C2D_MESSAGE
ADDED from src/main/AndroidManifest.xml:11:5-13:47
	android:protectionLevel
		ADDED from src/main/AndroidManifest.xml:13:9-44
	android:name
		ADDED from src/main/AndroidManifest.xml:12:9-59
uses-permission#app.adie.reservation.permission.C2D_MESSAGE
ADDED from src/main/AndroidManifest.xml:14:5-83
	android:name
		ADDED from src/main/AndroidManifest.xml:14:22-80
application
ADDED from src/main/AndroidManifest.xml:15:5-207:19
MERGED from [com.jpardogo.materialtabstrip:library:1.1.0] AndroidManifest.xml:9:5-20
MERGED from [com.android.support:design:22.2.1] AndroidManifest.xml:22:5-20
MERGED from [com.android.support:appcompat-v7:22.2.1] AndroidManifest.xml:22:5-20
MERGED from [com.android.support:cardview-v7:22.2.1] AndroidManifest.xml:22:5-20
MERGED from [com.mcxiaoke.volley:library-aar:1.0.0] AndroidManifest.xml:5:5-19
MERGED from [com.google.android.gms:play-services-auth:8.3.0] AndroidManifest.xml:20:5-25:19
MERGED from [com.github.jlmd:AnimatedCircleLoadingView:1.1.5] AndroidManifest.xml:11:5-14:19
MERGED from [com.gordonwong:material-sheet-fab:1.2.1] AndroidManifest.xml:10:5-20
MERGED from [com.github.asyl.animation:arcanimator:1.0.0] AndroidManifest.xml:11:5-12:19
MERGED from [com.google.android.gms:play-services-gcm:8.3.0] AndroidManifest.xml:24:5-20
MERGED from [com.google.android.gms:play-services-measurement:8.3.0] AndroidManifest.xml:26:5-46:19
MERGED from [com.google.android.gms:play-services-basement:8.3.0] AndroidManifest.xml:20:5-24:19
MERGED from [com.android.support:support-v4:23.1.1] AndroidManifest.xml:22:5-20
	android:label
		ADDED from src/main/AndroidManifest.xml:20:9-41
	android:allowBackup
		ADDED from src/main/AndroidManifest.xml:17:9-35
	android:icon
		ADDED from src/main/AndroidManifest.xml:18:9-43
	android:largeHeap
		ADDED from src/main/AndroidManifest.xml:19:9-33
	android:theme
		ADDED from src/main/AndroidManifest.xml:21:9-47
	android:name
		ADDED from src/main/AndroidManifest.xml:16:9-42
activity#app.adie.reservation.activity.ChatActivity
ADDED from src/main/AndroidManifest.xml:22:9-26:25
	android:label
		ADDED from src/main/AndroidManifest.xml:24:13-45
	android:theme
		ADDED from src/main/AndroidManifest.xml:25:13-57
	android:name
		ADDED from src/main/AndroidManifest.xml:23:13-50
activity#app.adie.reservation.activity.ChatRoomActivity
ADDED from src/main/AndroidManifest.xml:27:9-36:20
	android:label
		ADDED from src/main/AndroidManifest.xml:29:13-36
	android:parentActivityName
		ADDED from src/main/AndroidManifest.xml:30:13-64
	android:theme
		ADDED from src/main/AndroidManifest.xml:31:13-57
	android:name
		ADDED from src/main/AndroidManifest.xml:28:13-54
meta-data#android.support.PARENT_ACTIVITY
ADDED from src/main/AndroidManifest.xml:33:13-35:58
	android:value
		ADDED from src/main/AndroidManifest.xml:35:17-55
	android:name
		ADDED from src/main/AndroidManifest.xml:34:17-63
activity#app.adie.reservation.activity.ChatTambahActivity
ADDED from src/main/AndroidManifest.xml:37:9-46:20
	android:label
		ADDED from src/main/AndroidManifest.xml:39:13-29
	android:parentActivityName
		ADDED from src/main/AndroidManifest.xml:40:13-64
	android:theme
		ADDED from src/main/AndroidManifest.xml:41:13-57
	android:name
		ADDED from src/main/AndroidManifest.xml:38:13-56
activity#app.adie.reservation.activity.SignIn
ADDED from src/main/AndroidManifest.xml:48:9-55:20
	android:label
		ADDED from src/main/AndroidManifest.xml:51:13-36
	android:icon
		ADDED from src/main/AndroidManifest.xml:50:13-47
	android:theme
		ADDED from src/main/AndroidManifest.xml:52:13-57
	android:name
		ADDED from src/main/AndroidManifest.xml:49:13-44
activity#app.adie.reservation.activity.Home
ADDED from src/main/AndroidManifest.xml:56:9-63:20
	android:label
		ADDED from src/main/AndroidManifest.xml:59:13-33
	android:icon
		ADDED from src/main/AndroidManifest.xml:58:13-47
	android:theme
		ADDED from src/main/AndroidManifest.xml:60:13-57
	android:name
		ADDED from src/main/AndroidManifest.xml:57:13-42
activity#app.adie.reservation.activity.Register
ADDED from src/main/AndroidManifest.xml:64:9-68:20
	android:label
		ADDED from src/main/AndroidManifest.xml:66:13-35
	android:name
		ADDED from src/main/AndroidManifest.xml:65:13-46
activity#app.adie.reservation.activity.AkunSaya
ADDED from src/main/AndroidManifest.xml:69:9-73:20
	android:label
		ADDED from src/main/AndroidManifest.xml:71:13-45
	android:name
		ADDED from src/main/AndroidManifest.xml:70:13-46
activity#app.adie.reservation.activity.LupaPass
ADDED from src/main/AndroidManifest.xml:74:9-78:20
	android:label
		ADDED from src/main/AndroidManifest.xml:76:13-34
	android:name
		ADDED from src/main/AndroidManifest.xml:75:13-46
activity#app.adie.reservation.activity.KursiActivity
ADDED from src/main/AndroidManifest.xml:79:9-83:20
	android:label
		ADDED from src/main/AndroidManifest.xml:81:13-45
	android:name
		ADDED from src/main/AndroidManifest.xml:80:13-51
activity#app.adie.reservation.activity.LoadingLanding
ADDED from src/main/AndroidManifest.xml:84:9-89:20
	android:label
		ADDED from src/main/AndroidManifest.xml:86:13-45
	android:name
		ADDED from src/main/AndroidManifest.xml:85:13-52
activity#app.adie.reservation.activity.MyAccount
ADDED from src/main/AndroidManifest.xml:90:9-94:20
	android:label
		ADDED from src/main/AndroidManifest.xml:92:13-45
	android:name
		ADDED from src/main/AndroidManifest.xml:91:13-47
activity#app.adie.reservation.activity.PemesananActivity
ADDED from src/main/AndroidManifest.xml:95:9-99:20
	android:label
		ADDED from src/main/AndroidManifest.xml:97:13-45
	android:name
		ADDED from src/main/AndroidManifest.xml:96:13-55
activity#app.adie.reservation.activity.KonfirmasiActivity
ADDED from src/main/AndroidManifest.xml:100:9-104:20
	android:label
		ADDED from src/main/AndroidManifest.xml:102:13-45
	android:name
		ADDED from src/main/AndroidManifest.xml:101:13-56
activity#app.adie.reservation.activity.HistoryPaidActivity
ADDED from src/main/AndroidManifest.xml:105:9-110:20
	android:label
		ADDED from src/main/AndroidManifest.xml:107:13-45
	android:theme
		ADDED from src/main/AndroidManifest.xml:108:13-57
	android:name
		ADDED from src/main/AndroidManifest.xml:106:13-57
activity#app.adie.reservation.activity.HistoryHabisActivity
ADDED from src/main/AndroidManifest.xml:111:9-116:20
	android:label
		ADDED from src/main/AndroidManifest.xml:113:13-45
	android:theme
		ADDED from src/main/AndroidManifest.xml:114:13-57
	android:name
		ADDED from src/main/AndroidManifest.xml:112:13-58
activity#app.adie.reservation.activity.HistoryDetailActivity
ADDED from src/main/AndroidManifest.xml:117:9-122:20
	android:label
		ADDED from src/main/AndroidManifest.xml:119:13-45
	android:theme
		ADDED from src/main/AndroidManifest.xml:120:13-57
	android:name
		ADDED from src/main/AndroidManifest.xml:118:13-59
activity#app.adie.reservation.activity.HistoryCancelActivity
ADDED from src/main/AndroidManifest.xml:123:9-128:20
	android:label
		ADDED from src/main/AndroidManifest.xml:125:13-45
	android:theme
		ADDED from src/main/AndroidManifest.xml:126:13-57
	android:name
		ADDED from src/main/AndroidManifest.xml:124:13-59
activity#app.adie.reservation.activity.HistoryInProgressActivity
ADDED from src/main/AndroidManifest.xml:129:9-134:20
	android:label
		ADDED from src/main/AndroidManifest.xml:131:13-45
	android:theme
		ADDED from src/main/AndroidManifest.xml:132:13-57
	android:name
		ADDED from src/main/AndroidManifest.xml:130:13-63
activity#app.adie.reservation.activity.HistoryRejectActivity
ADDED from src/main/AndroidManifest.xml:135:9-140:20
	android:label
		ADDED from src/main/AndroidManifest.xml:137:13-45
	android:theme
		ADDED from src/main/AndroidManifest.xml:138:13-57
	android:name
		ADDED from src/main/AndroidManifest.xml:136:13-59
activity#app.adie.reservation.activity.PembayaranActivity
ADDED from src/main/AndroidManifest.xml:141:9-146:20
	android:label
		ADDED from src/main/AndroidManifest.xml:143:13-45
	android:theme
		ADDED from src/main/AndroidManifest.xml:144:13-57
	android:name
		ADDED from src/main/AndroidManifest.xml:142:13-56
activity#app.adie.reservation.activity.PenumpangTambahActivity
ADDED from src/main/AndroidManifest.xml:147:9-151:20
	android:label
		ADDED from src/main/AndroidManifest.xml:149:13-45
	android:name
		ADDED from src/main/AndroidManifest.xml:148:13-61
activity#app.adie.reservation.activity.CalendarPromoActivity
ADDED from src/main/AndroidManifest.xml:152:9-157:20
	android:label
		ADDED from src/main/AndroidManifest.xml:154:13-45
	android:theme
		ADDED from src/main/AndroidManifest.xml:155:13-57
	android:name
		ADDED from src/main/AndroidManifest.xml:153:13-59
activity#app.adie.reservation.activity.MainActivity
ADDED from src/main/AndroidManifest.xml:158:9-166:20
	android:screenOrientation
		ADDED from src/main/AndroidManifest.xml:164:13-49
	android:label
		ADDED from src/main/AndroidManifest.xml:161:13-45
	android:configChanges
		ADDED from src/main/AndroidManifest.xml:163:13-48
	android:icon
		ADDED from src/main/AndroidManifest.xml:160:13-47
	android:theme
		ADDED from src/main/AndroidManifest.xml:162:13-44
	android:name
		ADDED from src/main/AndroidManifest.xml:159:13-50
activity#app.adie.reservation.activity.SplashScreenActivity
ADDED from src/main/AndroidManifest.xml:167:9-180:20
	android:screenOrientation
		ADDED from src/main/AndroidManifest.xml:173:13-49
	android:label
		ADDED from src/main/AndroidManifest.xml:170:13-45
	android:configChanges
		ADDED from src/main/AndroidManifest.xml:172:13-48
	android:icon
		ADDED from src/main/AndroidManifest.xml:169:13-47
	android:theme
		ADDED from src/main/AndroidManifest.xml:171:13-57
	android:name
		ADDED from src/main/AndroidManifest.xml:168:13-58
intent-filter#android.intent.action.MAIN+android.intent.category.LAUNCHER
ADDED from src/main/AndroidManifest.xml:174:13-178:29
action#android.intent.action.MAIN
ADDED from src/main/AndroidManifest.xml:175:17-69
	android:name
		ADDED from src/main/AndroidManifest.xml:175:25-66
category#android.intent.category.LAUNCHER
ADDED from src/main/AndroidManifest.xml:177:17-77
	android:name
		ADDED from src/main/AndroidManifest.xml:177:27-74
receiver#com.google.android.gms.gcm.GcmReceiver
ADDED from src/main/AndroidManifest.xml:181:9-190:20
	android:exported
		ADDED from src/main/AndroidManifest.xml:183:13-36
	android:permission
		ADDED from src/main/AndroidManifest.xml:184:13-73
	android:name
		ADDED from src/main/AndroidManifest.xml:182:13-66
intent-filter#app.adie.reservation+com.google.android.c2dm.intent.RECEIVE
ADDED from src/main/AndroidManifest.xml:185:13-189:29
action#com.google.android.c2dm.intent.RECEIVE
ADDED from src/main/AndroidManifest.xml:186:17-81
	android:name
		ADDED from src/main/AndroidManifest.xml:186:25-78
category#app.adie.reservation
ADDED from src/main/AndroidManifest.xml:188:17-65
	android:name
		ADDED from src/main/AndroidManifest.xml:188:27-62
service#app.adie.reservation.gcm.MyGcmPushReceiver
ADDED from src/main/AndroidManifest.xml:192:9-198:19
	android:exported
		ADDED from src/main/AndroidManifest.xml:194:13-37
	android:name
		ADDED from src/main/AndroidManifest.xml:193:13-50
intent-filter#com.google.android.c2dm.intent.RECEIVE
ADDED from src/main/AndroidManifest.xml:195:13-197:29
service#app.adie.reservation.gcm.GcmIntentService
ADDED from src/main/AndroidManifest.xml:200:9-206:19
	android:exported
		ADDED from src/main/AndroidManifest.xml:202:13-37
	android:name
		ADDED from src/main/AndroidManifest.xml:201:13-49
intent-filter#com.google.android.gms.iid.InstanceID
ADDED from src/main/AndroidManifest.xml:203:13-205:29
action#com.google.android.gms.iid.InstanceID
ADDED from src/main/AndroidManifest.xml:204:17-80
	android:name
		ADDED from src/main/AndroidManifest.xml:204:25-77
uses-sdk
INJECTED from src/main/AndroidManifest.xml reason: use-sdk injection requested
MERGED from [com.github.florent37:materialviewpager:1.1.3] AndroidManifest.xml:7:5-9:41
MERGED from [com.jpardogo.materialtabstrip:library:1.1.0] AndroidManifest.xml:5:5-7:41
MERGED from [com.android.support:design:22.2.1] AndroidManifest.xml:20:5-43
MERGED from [com.android.support:appcompat-v7:22.2.1] AndroidManifest.xml:20:5-43
MERGED from [com.android.support:cardview-v7:22.2.1] AndroidManifest.xml:20:5-43
MERGED from [com.daimajia.easing:library:1.0.1] AndroidManifest.xml:8:5-10:41
MERGED from [com.mcxiaoke.volley:library-aar:1.0.0] AndroidManifest.xml:3:5-72
MERGED from [com.daimajia.androidanimations:library:1.1.3] AndroidManifest.xml:8:5-10:41
MERGED from [com.google.android.gms:play-services-auth:8.3.0] AndroidManifest.xml:18:5-43
MERGED from [com.github.ksoichiro:android-observablescrollview:1.5.2] AndroidManifest.xml:21:5-43
MERGED from [com.android.support:recyclerview-v7:23.1.1] AndroidManifest.xml:20:5-43
MERGED from [com.github.jlmd:AnimatedCircleLoadingView:1.1.5] AndroidManifest.xml:7:5-9:41
MERGED from [com.gordonwong:material-sheet-fab:1.2.1] AndroidManifest.xml:6:5-8:41
MERGED from [com.github.asyl.animation:arcanimator:1.0.0] AndroidManifest.xml:7:5-9:41
MERGED from [info.hoang8f:fbutton:1.0.5] AndroidManifest.xml:7:5-9:41
MERGED from [com.google.android.gms:play-services-gcm:8.3.0] AndroidManifest.xml:18:5-42
MERGED from [com.google.android.gms:play-services-base:8.3.0] AndroidManifest.xml:18:5-42
MERGED from [com.google.android.gms:play-services-measurement:8.3.0] AndroidManifest.xml:18:5-42
MERGED from [com.google.android.gms:play-services-basement:8.3.0] AndroidManifest.xml:18:5-42
MERGED from [com.android.support:support-v4:23.1.1] AndroidManifest.xml:20:5-43
	android:targetSdkVersion
		INJECTED from src/main/AndroidManifest.xml
		INJECTED from src/main/AndroidManifest.xml
	android:minSdkVersion
		INJECTED from src/main/AndroidManifest.xml
		INJECTED from src/main/AndroidManifest.xml
activity#com.google.android.gms.auth.api.signin.internal.SignInHubActivity
ADDED from [com.google.android.gms:play-services-auth:8.3.0] AndroidManifest.xml:21:9-24:46
	android:excludeFromRecents
		ADDED from [com.google.android.gms:play-services-auth:8.3.0] AndroidManifest.xml:23:19-52
	android:exported
		ADDED from [com.google.android.gms:play-services-auth:8.3.0] AndroidManifest.xml:24:19-43
	android:theme
		ADDED from [com.google.android.gms:play-services-auth:8.3.0] AndroidManifest.xml:22:19-78
	android:name
		ADDED from [com.google.android.gms:play-services-auth:8.3.0] AndroidManifest.xml:21:19-72
uses-permission#com.google.android.c2dm.permission.RECEIVE
ADDED from [com.google.android.gms:play-services-gcm:8.3.0] AndroidManifest.xml:21:5-82
	android:name
		ADDED from [com.google.android.gms:play-services-gcm:8.3.0] AndroidManifest.xml:21:22-79
provider#com.google.android.gms.measurement.AppMeasurementContentProvider
ADDED from [com.google.android.gms:play-services-measurement:8.3.0] AndroidManifest.xml:28:7-31:37
	android:authorities
		ADDED from [com.google.android.gms:play-services-measurement:8.3.0] AndroidManifest.xml:29:11-76
	android:exported
		ADDED from [com.google.android.gms:play-services-measurement:8.3.0] AndroidManifest.xml:31:11-35
	android:name
		ADDED from [com.google.android.gms:play-services-measurement:8.3.0] AndroidManifest.xml:30:11-90
receiver#com.google.android.gms.measurement.AppMeasurementReceiver
ADDED from [com.google.android.gms:play-services-measurement:8.3.0] AndroidManifest.xml:33:7-39:18
	android:enabled
		ADDED from [com.google.android.gms:play-services-measurement:8.3.0] AndroidManifest.xml:35:11-33
	android:name
		ADDED from [com.google.android.gms:play-services-measurement:8.3.0] AndroidManifest.xml:34:11-83
intent-filter#com.google.android.gms.measurement.UPLOAD
ADDED from [com.google.android.gms:play-services-measurement:8.3.0] AndroidManifest.xml:36:9-38:25
action#com.google.android.gms.measurement.UPLOAD
ADDED from [com.google.android.gms:play-services-measurement:8.3.0] AndroidManifest.xml:37:11-77
	android:name
		ADDED from [com.google.android.gms:play-services-measurement:8.3.0] AndroidManifest.xml:37:19-75
service#com.google.android.gms.measurement.AppMeasurementService
ADDED from [com.google.android.gms:play-services-measurement:8.3.0] AndroidManifest.xml:41:7-44:37
	android:enabled
		ADDED from [com.google.android.gms:play-services-measurement:8.3.0] AndroidManifest.xml:43:11-33
	android:exported
		ADDED from [com.google.android.gms:play-services-measurement:8.3.0] AndroidManifest.xml:44:11-35
	android:name
		ADDED from [com.google.android.gms:play-services-measurement:8.3.0] AndroidManifest.xml:42:11-82
meta-data#com.google.android.gms.version
ADDED from [com.google.android.gms:play-services-basement:8.3.0] AndroidManifest.xml:21:9-23:69
	android:value
		ADDED from [com.google.android.gms:play-services-basement:8.3.0] AndroidManifest.xml:23:13-66
	android:name
		ADDED from [com.google.android.gms:play-services-basement:8.3.0] AndroidManifest.xml:22:13-58